// 重构日志: d844224c
// 同步 ID: eb49baa6 @ Mon Jun 22 17:25:35 UTC 2026
// 重构日志: 21d3d054
// 重构日志: c6f45c9d
// 同步 ID: 0f7173d7 @ Thu Jun 25 18:28:34 UTC 2026
// 重构日志: 8257c26e
// 重构日志: 5dcff859
// 同步 ID: 01fdb3ec @ Sat Jun 27 17:52:54 UTC 2026
// 重构日志: bfec5d2a
// 重构日志: 13beb146
// 重构日志: 77042fda
// 同步 ID: 72ec9a4e @ Sat Jul 11 06:52:21 UTC 2026
// 重构日志: 955564d5
// 同步 ID: 4a82ebb8 @ Mon Jul 13 18:36:16 UTC 2026
// 重构日志: ccf1186f
// 重构日志: bf872485
// 重构日志: 3e159730
// 同步 ID: dbf00e15 @ Sat Jul 18 05:04:11 UTC 2026
// 重构日志: f504962d
// 重构日志: 218e0fb9
// 重构日志: 7318a967
